<?xml version="1.0" encoding="UTF-8"?>
<!-- Generated by org.testng.reporters.JUnitReportReporter -->
<testsuite hostname="zeenat" failures="0" tests="1" name="Campaigns.CreateCampaignWithProductTest" time="237.726" errors="0" timestamp="2025-07-08T19:01:27 IST" skipped="0">
  <testcase classname="Campaigns.CreateCampaignWithProductTest" name="CreateCampaignWithProductTest" time="237.726"/>
</testsuite> <!-- Campaigns.CreateCampaignWithProductTest -->
