<?xml version="1.0" encoding="UTF-8"?>
<!-- Generated by org.testng.reporters.JUnitReportReporter -->
<testsuite hostname="zeenat" failures="0" tests="1" name="Contacts.CreateContact" time="34.479" errors="0" timestamp="2025-06-30T21:08:05 IST" skipped="0">
  <testcase classname="Contacts.CreateContact" name="CreateContact" time="34.479"/>
</testsuite> <!-- Contacts.CreateContact -->
