<?xml version="1.0" encoding="UTF-8"?>
<!-- Generated by org.testng.reporters.JUnitReportReporter -->
<testsuite hostname="zeenat" failures="0" tests="2" name="Organization.CreateOrganizationTest" time="54.971" errors="0" timestamp="2025-07-02T20:34:33 IST" skipped="0">
  <testcase classname="Organization.CreateOrganizationTest" name="ProductTest" time="25.543"/>
  <testcase classname="Organization.CreateOrganizationTest" name="CreateOrganizationTest" time="29.428"/>
</testsuite> <!-- Organization.CreateOrganizationTest -->
