<?xml version="1.0" encoding="UTF-8"?>
<!-- Generated by org.testng.reporters.JUnitReportReporter -->
<testsuite hostname="zeenat" failures="0" tests="1" name="Product.CreateProductTest" time="23.161" errors="0" timestamp="2025-07-02T20:28:56 IST" skipped="0">
  <testcase classname="Product.CreateProductTest" name="ProductTest" time="23.161"/>
</testsuite> <!-- Product.CreateProductTest -->
