<?xml version="1.0" encoding="UTF-8"?>
<!-- Generated by org.testng.reporters.JUnitReportReporter -->
<testsuite hostname="zeenat" failures="0" tests="1" name="Campaigns.CreateCampaignTest" time="173.208" errors="0" timestamp="2025-07-08T19:01:23 IST" skipped="0">
  <testcase classname="Campaigns.CreateCampaignTest" name="CreateCampaignTest" time="173.208"/>
</testsuite> <!-- Campaigns.CreateCampaignTest -->
