<?xml version="1.0" encoding="UTF-8"?>
<!-- Generated by org.testng.reporters.JUnitReportReporter -->
<testsuite hostname="zeenat" failures="0" tests="1" name="Contacts.CreateContactWithOrgTest" time="100.598" errors="0" timestamp="2025-07-08T19:08:20 IST" skipped="0">
  <testcase classname="Contacts.CreateContactWithOrgTest" name="CreateContactWithOrgTest" time="100.598"/>
</testsuite> <!-- Contacts.CreateContactWithOrgTest -->
