<?xml version="1.0" encoding="UTF-8"?>
<!-- Generated by org.testng.reporters.JUnitReportReporter -->
<testsuite hostname="zeenat" failures="0" tests="1" name="Contacts.CreateContactTest" time="39.582" errors="0" timestamp="2025-07-08T19:03:38 IST" skipped="0">
  <testcase classname="Contacts.CreateContactTest" name="CreateContactTest" time="39.582"/>
</testsuite> <!-- Contacts.CreateContactTest -->
