<?xml version="1.0" encoding="UTF-8"?>
<!-- Generated by org.testng.reporters.JUnitReportReporter -->
<testsuite hostname="zeenat" failures="0" tests="1" name="Product.ProductTest" time="35.622" errors="0" timestamp="2025-06-30T21:12:50 IST" skipped="0">
  <testcase classname="Product.ProductTest" name="ProductTest" time="35.622"/>
</testsuite> <!-- Product.ProductTest -->
