<?xml version="1.0" encoding="UTF-8"?>
<!-- Generated by org.testng.reporters.JUnitReportReporter -->
<testsuite hostname="zeenat" failures="0" tests="1" name="TestNG_Practice.BigBasketMango" time="15.919" errors="0" timestamp="2025-07-05T19:14:48 IST" skipped="0">
  <testcase classname="TestNG_Practice.BigBasketMango" name="bigBasket" time="15.919"/>
</testsuite> <!-- TestNG_Practice.BigBasketMango -->
